<?xml version="1.0" encoding="UTF-8"?>
<!-- Generated by org.testng.reporters.JUnitXMLReporter -->
<testsuite hostname="PoojaGadekar" name="Default test" tests="4" failures="0" timestamp="21 Apr 2016 21:12:12 GMT" time="99.749" errors="0">
  <testcase name="loginTestTC_01" time="21.838" classname="com.magicbricks.regressiontest.LoginScenario"/>
  <testcase name="loginTestTC_02" time="52.453" classname="com.magicbricks.regressiontest.LoginScenario"/>
  <testcase name="leadLoadingTC_01" time="4.17" classname="com.magicbricks.regressiontest.LoginScenario"/>
  <testcase name="profilePageTC_01" time="6.171" classname="com.magicbricks.regressiontest.LoginScenario"/>
</testsuite> <!-- Default test -->
