<?xml version="1.0" encoding="UTF-8"?>
<!-- Generated by org.testng.reporters.JUnitXMLReporter -->
<testsuite hostname="PoojaGadekar" name="LoginTest" tests="4" failures="1" timestamp="21 Apr 2016 21:05:02 GMT" time="84.96" errors="0">
  <testcase name="loginTestTC_01" time="17.717" classname="com.magicbricks.regressiontest.LoginScenario">
    <failure type="org.openqa.selenium.WebDriverException" message="An unknown server-side error occurred while processing the command. (Original error: Soft keyboard not present, cannot hide keyboard) (WARNING: The server did not provide any stacktrace information)
Command duration or timeout: 141 milliseconds
Build info: version: &amp;apos;2.53.0&amp;apos;, revision: &amp;apos;35ae25b1534ae328c771e0856c93e187490ca824&amp;apos;, time: &amp;apos;2016-03-15 10:43:46&amp;apos;
System info: host: &amp;apos;PoojaGadekar&amp;apos;, ip: &amp;apos;192.168.1.3&amp;apos;, os.name: &amp;apos;Windows 8.1&amp;apos;, os.arch: &amp;apos;amd64&amp;apos;, os.version: &amp;apos;6.3&amp;apos;, java.version: &amp;apos;1.8.0_65&amp;apos;
Driver info: io.appium.java_client.android.AndroidDriver
Capabilities [{app=D:\AndroidWorkspace\demo\Resources\app\Smart Diary_2.0.4.apk, networkConnectionEnabled=true, warnings={}, autoDismissAlerts=true, databaseEnabled=false, deviceName=XT1033, platform=LINUX, desired={app=D:\AndroidWorkspace\demo\Resources\app\Smart Diary_2.0.4.apk, platformVersion=5.1, automationName=Appium, autoDismissAlerts=true, platformName=Android, device=Android, deviceName=XT1033, autoAcceptAlerts=true}, platformVersion=5.1, webStorageEnabled=false, locationContextEnabled=false, automationName=Appium, browserName=Android, takesScreenshot=true, javascriptEnabled=true, platformName=Android, device=Android, autoAcceptAlerts=true}]
Session ID: 1ae80d39-1d69-45d2-92fe-d32cb19d771f">
      <![CDATA[org.openqa.selenium.WebDriverException: An unknown server-side error occurred while processing the command. (Original error: Soft keyboard not present, cannot hide keyboard) (WARNING: The server did not provide any stacktrace information)
Command duration or timeout: 141 milliseconds
Build info: version: '2.53.0', revision: '35ae25b1534ae328c771e0856c93e187490ca824', time: '2016-03-15 10:43:46'
System info: host: 'PoojaGadekar', ip: '192.168.1.3', os.name: 'Windows 8.1', os.arch: 'amd64', os.version: '6.3', java.version: '1.8.0_65'
Driver info: io.appium.java_client.android.AndroidDriver
Capabilities [{app=D:\AndroidWorkspace\demo\Resources\app\Smart Diary_2.0.4.apk, networkConnectionEnabled=true, warnings={}, autoDismissAlerts=true, databaseEnabled=false, deviceName=XT1033, platform=LINUX, desired={app=D:\AndroidWorkspace\demo\Resources\app\Smart Diary_2.0.4.apk, platformVersion=5.1, automationName=Appium, autoDismissAlerts=true, platformName=Android, device=Android, deviceName=XT1033, autoAcceptAlerts=true}, platformVersion=5.1, webStorageEnabled=false, locationContextEnabled=false, automationName=Appium, browserName=Android, takesScreenshot=true, javascriptEnabled=true, platformName=Android, device=Android, autoAcceptAlerts=true}]
Session ID: 1ae80d39-1d69-45d2-92fe-d32cb19d771f
	at org.openqa.selenium.remote.ErrorHandler.createThrowable(ErrorHandler.java:206)
	at org.openqa.selenium.remote.ErrorHandler.throwIfResponseFailed(ErrorHandler.java:158)
	at org.openqa.selenium.remote.RemoteWebDriver.execute(RemoteWebDriver.java:678)
	at io.appium.java_client.DefaultGenericMobileDriver.execute(DefaultGenericMobileDriver.java:42)
	at io.appium.java_client.AppiumDriver.execute(AppiumDriver.java:206)
	at io.appium.java_client.AppiumDriver.hideKeyboard(AppiumDriver.java:278)
	at com.magicbricks.pagerepo.LoginPage.invalidLogin(LoginPage.java:60)
	at com.magicbricks.regressiontest.LoginScenario.loginTestTC_01(LoginScenario.java:28)
... Removed 28 stack frames]]>
    </failure>
  </testcase> <!-- loginTestTC_01 -->
  <testcase name="loginTestTC_02" time="45.712" classname="com.magicbricks.regressiontest.LoginScenario"/>
  <testcase name="leadLoadingTC_01" time="4.101" classname="com.magicbricks.regressiontest.LoginScenario"/>
  <testcase name="profilePageTC_01" time="5.846" classname="com.magicbricks.regressiontest.LoginScenario"/>
</testsuite> <!-- LoginTest -->
