<?xml version="1.0" encoding="UTF-8"?>
<!-- Generated by org.testng.reporters.JUnitXMLReporter -->
<testsuite hostname="PoojaGadekar" name="RegistrationTest" tests="2" failures="1" timestamp="21 Apr 2016 21:03:38 GMT" time="58.092" errors="0">
  <testcase name="RegistrationScenarioTestTC_01" time="8.773" classname="com.magicbricks.regressiontest.RegistrationScenario"/>
  <testcase name="RegistrationScenarioTestTC_02" time="39.242" classname="com.magicbricks.regressiontest.RegistrationScenario">
    <failure type="java.lang.AssertionError" message="expected [Didn&amp;apos;t Receive the SMS?] but found [Enter OTP]">
      <![CDATA[java.lang.AssertionError: expected [Didn't Receive the SMS?] but found [Enter OTP]
	at com.magicbricks.regressiontest.RegistrationScenario.RegistrationScenarioTestTC_02(RegistrationScenario.java:89)
... Removed 25 stack frames]]>
    </failure>
  </testcase> <!-- RegistrationScenarioTestTC_02 -->
</testsuite> <!-- RegistrationTest -->
