<?xml version="1.0" encoding="UTF-8"?>
<!-- Generated by org.testng.reporters.JUnitXMLReporter -->
<testsuite hostname="PoojaGadekar" name="SecondWalkThroughPageValidation" tests="2" failures="1" timestamp="21 Apr 2016 21:05:26 GMT" time="23.097" errors="0">
  <testcase name="secondWalkThroughPageTestTC_01" time="10.379" classname="com.magicbricks.regressiontest.SecondWalkThroughPageScenario">
    <failure type="java.lang.AssertionError" message="expected [Login using Smart Diary or Magicbricks account1] but found [Login using Smart Diary or Magicbricks account]">
      <![CDATA[java.lang.AssertionError: expected [Login using Smart Diary or Magicbricks account1] but found [Login using Smart Diary or Magicbricks account]
	at com.magicbricks.regressiontest.SecondWalkThroughPageScenario.secondWalkThroughPageTestTC_01(SecondWalkThroughPageScenario.java:42)
... Removed 25 stack frames]]>
    </failure>
  </testcase> <!-- secondWalkThroughPageTestTC_01 -->
  <testcase name="secondWalkThroughPageTestTC_02" time="0.007" classname="com.magicbricks.regressiontest.SecondWalkThroughPageScenario">
    <skipped/>
  </testcase> <!-- secondWalkThroughPageTestTC_02 -->
</testsuite> <!-- SecondWalkThroughPageValidation -->
