<?xml version="1.0" encoding="UTF-8"?>
<!-- Generated by org.testng.reporters.JUnitXMLReporter -->
<testsuite hostname="PoojaGadekar" name="Test" tests="8" failures="2" timestamp="20 Apr 2016 10:33:42 GMT" time="211.85" errors="0">
  <testcase name="firstWalkThroughPageTestTC_01" time="6.17" classname="com.magicbricks.regressiontest.FirstWalkThroughPageScenario"/>
  <testcase name="firstWalkThroughNextPageTestTC_01" time="8.534" classname="com.magicbricks.regressiontest.FirstWalkThroughNextPageScenario">
    <failure type="java.lang.AssertionError" message="expected [Login using Smart Diary or Magicbricks account] but found [Login using Smart Diary or Magicbricks account1]">
      <![CDATA[java.lang.AssertionError: expected [Login using Smart Diary or Magicbricks account] but found [Login using Smart Diary or Magicbricks account1]
	at com.magicbricks.regressiontest.FirstWalkThroughNextPageScenario.firstWalkThroughNextPageTestTC_01(FirstWalkThroughNextPageScenario.java:38)
... Removed 25 stack frames]]>
    </failure>
  </testcase> <!-- firstWalkThroughNextPageTestTC_01 -->
  <testcase name="RegistrationScenarioTestTC_01" time="8.858" classname="com.magicbricks.regressiontest.RegistrationScenario"/>
  <testcase name="RegistrationScenarioTestTC_02" time="34.907" classname="com.magicbricks.regressiontest.RegistrationScenario">
    <failure type="org.openqa.selenium.WebDriverException" message="An unknown server-side error occurred while processing the command. (Original error: Soft keyboard not present, cannot hide keyboard) (WARNING: The server did not provide any stacktrace information)
Command duration or timeout: 109 milliseconds
Build info: version: &amp;apos;2.53.0&amp;apos;, revision: &amp;apos;35ae25b1534ae328c771e0856c93e187490ca824&amp;apos;, time: &amp;apos;2016-03-15 10:43:46&amp;apos;
System info: host: &amp;apos;PoojaGadekar&amp;apos;, ip: &amp;apos;192.168.3.35&amp;apos;, os.name: &amp;apos;Windows 8.1&amp;apos;, os.arch: &amp;apos;amd64&amp;apos;, os.version: &amp;apos;6.3&amp;apos;, java.version: &amp;apos;1.8.0_65&amp;apos;
Driver info: io.appium.java_client.android.AndroidDriver
Capabilities [{app=D:\AndroidWorkspace\demo\Resources\app\Smart Diary_2.0.4.apk, networkConnectionEnabled=true, warnings={}, autoDismissAlerts=true, databaseEnabled=false, deviceName=XT1033, platform=LINUX, desired={app=D:\AndroidWorkspace\demo\Resources\app\Smart Diary_2.0.4.apk, platformVersion=5.1, automationName=Appium, autoDismissAlerts=true, platformName=Android, device=Android, deviceName=XT1033, autoAcceptAlerts=true}, platformVersion=5.1, webStorageEnabled=false, locationContextEnabled=false, automationName=Appium, browserName=Android, takesScreenshot=true, javascriptEnabled=true, platformName=Android, device=Android, autoAcceptAlerts=true}]
Session ID: 464bfd1f-e5d4-4945-ac40-a4487cc9e24f">
      <![CDATA[org.openqa.selenium.WebDriverException: An unknown server-side error occurred while processing the command. (Original error: Soft keyboard not present, cannot hide keyboard) (WARNING: The server did not provide any stacktrace information)
Command duration or timeout: 109 milliseconds
Build info: version: '2.53.0', revision: '35ae25b1534ae328c771e0856c93e187490ca824', time: '2016-03-15 10:43:46'
System info: host: 'PoojaGadekar', ip: '192.168.3.35', os.name: 'Windows 8.1', os.arch: 'amd64', os.version: '6.3', java.version: '1.8.0_65'
Driver info: io.appium.java_client.android.AndroidDriver
Capabilities [{app=D:\AndroidWorkspace\demo\Resources\app\Smart Diary_2.0.4.apk, networkConnectionEnabled=true, warnings={}, autoDismissAlerts=true, databaseEnabled=false, deviceName=XT1033, platform=LINUX, desired={app=D:\AndroidWorkspace\demo\Resources\app\Smart Diary_2.0.4.apk, platformVersion=5.1, automationName=Appium, autoDismissAlerts=true, platformName=Android, device=Android, deviceName=XT1033, autoAcceptAlerts=true}, platformVersion=5.1, webStorageEnabled=false, locationContextEnabled=false, automationName=Appium, browserName=Android, takesScreenshot=true, javascriptEnabled=true, platformName=Android, device=Android, autoAcceptAlerts=true}]
Session ID: 464bfd1f-e5d4-4945-ac40-a4487cc9e24f
	at org.openqa.selenium.remote.ErrorHandler.createThrowable(ErrorHandler.java:206)
	at org.openqa.selenium.remote.ErrorHandler.throwIfResponseFailed(ErrorHandler.java:158)
	at org.openqa.selenium.remote.RemoteWebDriver.execute(RemoteWebDriver.java:678)
	at io.appium.java_client.DefaultGenericMobileDriver.execute(DefaultGenericMobileDriver.java:42)
	at io.appium.java_client.AppiumDriver.execute(AppiumDriver.java:206)
	at io.appium.java_client.AppiumDriver.hideKeyboard(AppiumDriver.java:278)
	at com.magicbricks.pagerepo.RegistrationPage.validRegistration(RegistrationPage.java:51)
	at com.magicbricks.regressiontest.RegistrationScenario.RegistrationScenarioTestTC_02(RegistrationScenario.java:44)
... Removed 28 stack frames]]>
    </failure>
  </testcase> <!-- RegistrationScenarioTestTC_02 -->
  <testcase name="loginTestTC_01" time="22.296" classname="com.magicbricks.regressiontest.LoginScenario"/>
  <testcase name="loginTestTC_02" time="44.43" classname="com.magicbricks.regressiontest.LoginScenario"/>
  <testcase name="leadLoadingTC_01" time="36.609" classname="com.magicbricks.regressiontest.LoginScenario"/>
  <testcase name="profilePageTC_01" time="5.939" classname="com.magicbricks.regressiontest.LoginScenario"/>
</testsuite> <!-- Test -->
