<?xml version="1.0" encoding="UTF-8"?>
<testng-results skipped="0" failed="0" total="4" passed="4">
  <reporter-output>
  </reporter-output>
  <suite name="Default suite" duration-ms="99749" started-at="2016-04-21T21:10:32Z" finished-at="2016-04-21T21:12:12Z">
    <groups>
    </groups>
    <test name="Default test" duration-ms="99749" started-at="2016-04-21T21:10:32Z" finished-at="2016-04-21T21:12:12Z">
      <class name="com.magicbricks.regressiontest.LoginScenario">
        <test-method status="PASS" signature="preSuite()[pri:0, instance:com.magicbricks.regressiontest.LoginScenario@2c8d66b2]" name="preSuite" is-config="true" duration-ms="0" started-at="2016-04-22T02:40:32Z" finished-at="2016-04-22T02:40:32Z">
          <reporter-output>
          </reporter-output>
        </test-method> <!-- preSuite -->
        <test-method status="PASS" signature="beforeTest()[pri:0, instance:com.magicbricks.regressiontest.LoginScenario@2c8d66b2]" name="beforeTest" is-config="true" duration-ms="0" started-at="2016-04-22T02:40:32Z" finished-at="2016-04-22T02:40:32Z">
          <reporter-output>
          </reporter-output>
        </test-method> <!-- beforeTest -->
        <test-method status="PASS" signature="preClass()[pri:0, instance:com.magicbricks.regressiontest.LoginScenario@2c8d66b2]" name="preClass" is-config="true" duration-ms="13572" started-at="2016-04-22T02:40:32Z" finished-at="2016-04-22T02:40:46Z">
          <reporter-output>
          </reporter-output>
        </test-method> <!-- preClass -->
        <test-method status="PASS" signature="loginTestTC_01()[pri:1, instance:com.magicbricks.regressiontest.LoginScenario@2c8d66b2]" name="loginTestTC_01" duration-ms="21838" started-at="2016-04-22T02:40:46Z" finished-at="2016-04-22T02:41:08Z">
          <reporter-output>
          </reporter-output>
        </test-method> <!-- loginTestTC_01 -->
        <test-method status="PASS" signature="loginTestTC_02()[pri:2, instance:com.magicbricks.regressiontest.LoginScenario@2c8d66b2]" name="loginTestTC_02" duration-ms="52453" started-at="2016-04-22T02:41:08Z" finished-at="2016-04-22T02:42:00Z">
          <reporter-output>
          </reporter-output>
        </test-method> <!-- loginTestTC_02 -->
        <test-method status="PASS" signature="leadLoadingTC_01()[pri:3, instance:com.magicbricks.regressiontest.LoginScenario@2c8d66b2]" name="leadLoadingTC_01" duration-ms="4170" started-at="2016-04-22T02:42:00Z" finished-at="2016-04-22T02:42:04Z">
          <reporter-output>
          </reporter-output>
        </test-method> <!-- leadLoadingTC_01 -->
        <test-method status="PASS" signature="profilePageTC_01()[pri:4, instance:com.magicbricks.regressiontest.LoginScenario@2c8d66b2]" name="profilePageTC_01" duration-ms="6171" started-at="2016-04-22T02:42:04Z" finished-at="2016-04-22T02:42:10Z">
          <reporter-output>
          </reporter-output>
        </test-method> <!-- profilePageTC_01 -->
        <test-method status="PASS" signature="postClass()[pri:0, instance:com.magicbricks.regressiontest.LoginScenario@2c8d66b2]" name="postClass" is-config="true" duration-ms="1545" started-at="2016-04-22T02:42:10Z" finished-at="2016-04-22T02:42:12Z">
          <reporter-output>
          </reporter-output>
        </test-method> <!-- postClass -->
      </class> <!-- com.magicbricks.regressiontest.LoginScenario -->
    </test> <!-- Default test -->
  </suite> <!-- Default suite -->
</testng-results>
